<?xml version="1.0" encoding="UTF-8"?>
<testsuite name="InvoiceServiceTest" tests="1" skipped="0" failures="0" errors="0" timestamp="2021-08-09T08:38:10" hostname="LENOVO" time="0.131">
  <properties/>
  <testcase name="givenMultipleRides_ShouldReturnTotalFare()" classname="InvoiceServiceTest" time="0.131"/>
  <system-out><![CDATA[]]></system-out>
  <system-err><![CDATA[]]></system-err>
</testsuite>
